Jan 28 16:56:39 Installed: mailx-12.5-19.el7.x86_64
Jan 28 16:56:39 Installed: libreport-filesystem-2.1.11-42.el7.centos.x86_64
Jan 28 16:56:40 Installed: mdadm-4.1-rc1_2.el7.x86_64
Jan 28 16:56:40 Installed: 1:smartmontools-6.5-1.el7.x86_64
Jan 28 16:56:40 Installed: hdparm-9.43-5.el7.x86_64
Jan 28 16:56:40 Installed: gdisk-0.8.10-2.el7.x86_64
Jan 29 15:20:56 Installed: wget-1.14-18.el7.x86_64
Jan 29 15:29:40 Installed: mpfr-3.1.1-4.el7.x86_64
Jan 29 15:29:40 Installed: libmpc-1.0.1-3.el7.x86_64
Jan 29 15:29:41 Installed: cpp-4.8.5-36.el7.x86_64
Jan 29 15:29:42 Installed: kernel-headers-3.10.0-957.1.3.el7.x86_64
Jan 29 15:29:43 Installed: glibc-headers-2.17-260.el7.x86_64
Jan 29 15:29:43 Installed: glibc-devel-2.17-260.el7.x86_64
Jan 29 15:29:45 Installed: gcc-4.8.5-36.el7.x86_64
Jan 29 15:30:02 Installed: m4-1.4.16-10.el7.x86_64
Jan 29 15:30:02 Installed: bison-3.0.4-2.el7.x86_64
Jan 29 15:31:59 Installed: libquadmath-4.8.5-36.el7.x86_64
Jan 29 15:31:59 Installed: apr-1.4.8-3.el7_4.1.x86_64
Jan 29 15:31:59 Installed: apr-util-1.5.2-6.el7.x86_64
Jan 29 15:31:59 Installed: zip-3.0-11.el7.x86_64
Jan 29 15:31:59 Installed: patch-2.7.1-10.el7_5.x86_64
Jan 29 15:31:59 Installed: boost-system-1.53.0-27.el7.x86_64
Jan 29 15:31:59 Installed: unzip-6.0-19.el7.x86_64
Jan 29 15:31:59 Installed: boost-thread-1.53.0-27.el7.x86_64
Jan 29 15:31:59 Installed: libgfortran-4.8.5-36.el7.x86_64
Jan 29 15:31:59 Installed: libquadmath-devel-4.8.5-36.el7.x86_64
Jan 29 15:31:59 Installed: 1:perl-parent-0.225-244.el7.noarch
Jan 29 15:31:59 Installed: perl-HTTP-Tiny-0.033-3.el7.noarch
Jan 29 15:31:59 Installed: perl-podlators-2.5.1-3.el7.noarch
Jan 29 15:31:59 Installed: perl-Pod-Perldoc-3.20-4.el7.noarch
Jan 29 15:31:59 Installed: 1:perl-Pod-Escapes-1.04-294.el7_6.noarch
Jan 29 15:31:59 Installed: perl-Text-ParseWords-3.29-4.el7.noarch
Jan 29 15:32:00 Installed: perl-Encode-2.51-7.el7.x86_64
Jan 29 15:32:00 Installed: perl-Pod-Usage-1.63-3.el7.noarch
Jan 29 15:32:00 Installed: 4:perl-libs-5.16.3-294.el7_6.x86_64
Jan 29 15:32:00 Installed: perl-Socket-2.010-4.el7.x86_64
Jan 29 15:32:00 Installed: perl-Storable-2.45-3.el7.x86_64
Jan 29 15:32:00 Installed: 4:perl-Time-HiRes-1.9725-3.el7.x86_64
Jan 29 15:32:00 Installed: perl-threads-1.87-4.el7.x86_64
Jan 29 15:32:00 Installed: perl-Carp-1.26-244.el7.noarch
Jan 29 15:32:00 Installed: perl-Filter-1.49-3.el7.x86_64
Jan 29 15:32:00 Installed: perl-Exporter-5.68-3.el7.noarch
Jan 29 15:32:00 Installed: perl-constant-1.27-2.el7.noarch
Jan 29 15:32:00 Installed: perl-Time-Local-1.2300-2.el7.noarch
Jan 29 15:32:00 Installed: 4:perl-macros-5.16.3-294.el7_6.x86_64
Jan 29 15:32:00 Installed: perl-threads-shared-1.43-6.el7.x86_64
Jan 29 15:32:00 Installed: perl-File-Temp-0.23.01-3.el7.noarch
Jan 29 15:32:00 Installed: perl-File-Path-2.09-2.el7.noarch
Jan 29 15:32:01 Installed: perl-PathTools-3.40-5.el7.x86_64
Jan 29 15:32:01 Installed: perl-Scalar-List-Utils-1.27-248.el7.x86_64
Jan 29 15:32:01 Installed: 1:perl-Pod-Simple-3.28-4.el7.noarch
Jan 29 15:32:01 Installed: perl-Getopt-Long-2.40-3.el7.noarch
Jan 29 15:32:04 Installed: 4:perl-5.16.3-294.el7_6.x86_64
Jan 29 15:32:04 Installed: perl-Thread-Queue-3.02-2.el7.noarch
Jan 29 15:32:04 Installed: 1:perl-Error-0.17020-2.el7.noarch
Jan 29 15:32:04 Installed: perl-TermReadKey-2.30-20.el7.x86_64
Jan 29 15:32:04 Installed: perl-Git-1.8.3.1-20.el7.noarch
Jan 29 15:32:06 Installed: git-1.8.3.1-20.el7.x86_64
Jan 29 15:32:06 Installed: perl-Data-Dumper-2.145-3.el7.x86_64
Jan 29 15:32:06 Installed: autoconf-2.69-11.el7.noarch
Jan 29 15:32:07 Installed: perl-XML-Parser-2.41-10.el7.x86_64
Jan 29 15:32:07 Installed: perl-Test-Harness-3.28-3.el7.noarch
Jan 29 15:32:07 Installed: automake-1.13.4-3.el7.noarch
Jan 29 15:32:36 Installed: kernel-debug-devel-3.10.0-957.1.3.el7.x86_64
Jan 29 15:32:38 Installed: systemtap-devel-3.3-3.el7.x86_64
Jan 29 15:32:38 Installed: 1:emacs-filesystem-24.3-22.el7.noarch
Jan 29 15:32:39 Installed: libstdc++-devel-4.8.5-36.el7.x86_64
Jan 29 15:32:39 Installed: pakchois-0.4-10.el7.x86_64
Jan 29 15:32:39 Installed: dwz-0.11-3.el7.x86_64
Jan 29 15:32:39 Installed: perl-srpm-macros-1-8.el7.noarch
Jan 29 15:32:39 Installed: redhat-rpm-config-9.1.0-87.el7.centos.noarch
Jan 29 15:32:39 Installed: libmodman-2.0.1-8.el7.x86_64
Jan 29 15:32:39 Installed: libproxy-0.4.11-11.el7.x86_64
Jan 29 15:32:39 Installed: trousers-0.3.14-2.el7.x86_64
Jan 29 15:32:40 Installed: elfutils-0.172-2.el7.x86_64
Jan 29 15:32:40 Installed: boost-date-time-1.53.0-27.el7.x86_64
Jan 29 15:32:40 Installed: gettext-common-devel-0.19.8.1-2.el7.noarch
Jan 29 15:32:40 Installed: gettext-devel-0.19.8.1-2.el7.x86_64
Jan 29 15:32:40 Installed: gdb-7.6.1-114.el7.x86_64
Jan 29 15:32:40 Installed: efivar-libs-36-11.el7.x86_64
Jan 29 15:32:41 Installed: mokutil-15-1.el7.centos.x86_64
Jan 29 15:32:41 Installed: nettle-2.7.1-8.el7.x86_64
Jan 29 15:32:41 Installed: gnutls-3.3.29-8.el7.x86_64
Jan 29 15:32:41 Installed: neon-0.30.0-3.el7.x86_64
Jan 29 15:32:41 Installed: subversion-libs-1.7.14-14.el7.x86_64
Jan 29 15:32:41 Installed: libdwarf-20130207-4.el7.x86_64
Jan 29 15:32:42 Installed: dyninst-9.3.1-2.el7.x86_64
Jan 29 15:32:42 Installed: systemtap-runtime-3.3-3.el7.x86_64
Jan 29 15:32:44 Installed: systemtap-client-3.3-3.el7.x86_64
Jan 29 15:32:44 Installed: systemtap-3.3-3.el7.x86_64
Jan 29 15:32:45 Installed: subversion-1.7.14-14.el7.x86_64
Jan 29 15:32:45 Installed: rpm-build-4.11.3-35.el7.x86_64
Jan 29 15:32:45 Installed: intltool-0.50.2-7.el7.noarch
Jan 29 15:32:46 Installed: gcc-c++-4.8.5-36.el7.x86_64
Jan 29 15:32:46 Installed: cscope-15.8-10.el7.x86_64
Jan 29 15:32:46 Installed: libtool-2.4.2-22.el7_3.x86_64
Jan 29 15:32:46 Installed: patchutils-0.3.3-4.el7.x86_64
Jan 29 15:32:47 Installed: gcc-gfortran-4.8.5-36.el7.x86_64
Jan 29 15:32:48 Installed: indent-2.2.11-13.el7.x86_64
Jan 29 15:32:48 Installed: ctags-5.8-13.el7.x86_64
Jan 29 15:32:48 Installed: flex-2.5.37-6.el7.x86_64
Jan 29 15:32:48 Installed: rpm-sign-4.11.3-35.el7.x86_64
Jan 29 15:32:48 Installed: byacc-1.9.20130304-3.el7.x86_64
Jan 29 15:32:48 Installed: rcs-5.9.0-5.el7.x86_64
Jan 29 15:32:48 Installed: diffstat-1.57-4.el7.x86_64
Jan 29 15:32:49 Installed: swig-2.0.10-5.el7.x86_64
Jan 29 15:32:51 Installed: 1:doxygen-1.8.5-3.el7.x86_64
Jan 29 15:37:01 Installed: zlib-devel-1.2.7-18.el7.x86_64
Jan 29 15:37:01 Installed: elfutils-libelf-devel-0.172-2.el7.x86_64
Jan 29 15:38:41 Installed: keyutils-libs-devel-1.5.8-3.el7.x86_64
Jan 29 15:38:41 Installed: libcom_err-devel-1.42.9-13.el7.x86_64
Jan 29 15:38:41 Installed: libsepol-devel-2.5-10.el7.x86_64
Jan 29 15:38:41 Installed: pcre-devel-8.32-17.el7.x86_64
Jan 29 15:38:42 Installed: libselinux-devel-2.5-14.1.el7.x86_64
Jan 29 15:38:42 Installed: libverto-devel-0.2.5-4.el7.x86_64
Jan 29 15:38:42 Installed: libkadm5-1.15.1-34.el7.x86_64
Jan 29 15:38:42 Installed: krb5-devel-1.15.1-34.el7.x86_64
Jan 29 15:38:43 Installed: 1:openssl-devel-1.0.2k-16.el7.x86_64
Jan 29 15:39:00 Installed: bc-1.06.95-13.el7.x86_64
